<?xml version="1.0" encoding="UTF-8"?>
<testng-results ignored="0" total="1" passed="1" failed="0" skipped="0">
  <reporter-output>
  </reporter-output>
  <suite started-at="2021-06-25T14:03:41 EDT" name="Default suite" finished-at="2021-06-25T14:04:08 EDT" duration-ms="26639">
    <groups>
    </groups>
    <test started-at="2021-06-25T14:03:41 EDT" name="Default test" finished-at="2021-06-25T14:04:08 EDT" duration-ms="26639">
      <class name="com.wordpress.TestCases.verifyWordpressLogin">
        <test-method is-config="true" signature="setup()[pri:0, instance:com.wordpress.TestCases.verifyWordpressLogin@50ad3bc1]" started-at="2021-06-25T14:03:41 EDT" name="setup" finished-at="2021-06-25T14:04:06 EDT" duration-ms="24870" status="PASS">
          <reporter-output>
          </reporter-output>
        </test-method> <!-- setup -->
        <test-method signature="verifyValidLogin()[pri:0, instance:com.wordpress.TestCases.verifyWordpressLogin@50ad3bc1]" started-at="2021-06-25T14:04:06 EDT" name="verifyValidLogin" finished-at="2021-06-25T14:04:07 EDT" duration-ms="617" status="PASS">
          <reporter-output>
          </reporter-output>
        </test-method> <!-- verifyValidLogin -->
        <test-method is-config="true" signature="afterTest(org.testng.ITestResult)[pri:0, instance:com.wordpress.TestCases.verifyWordpressLogin@50ad3bc1]" started-at="2021-06-25T14:04:07 EDT" name="afterTest" finished-at="2021-06-25T14:04:07 EDT" duration-ms="2" status="PASS">
          <params>
            <param index="0">
              <value>
                <![CDATA[[TestResult name=verifyValidLogin status=SUCCESS method=verifyWordpressLogin.verifyValidLogin()[pri:0, instance:com.wordpress.TestCases.verifyWordpressLogin@50ad3bc1] output={null}]]]>
              </value>
            </param>
          </params>
          <reporter-output>
          </reporter-output>
        </test-method> <!-- afterTest -->
        <test-method is-config="true" signature="tearDown()[pri:0, instance:com.wordpress.TestCases.verifyWordpressLogin@50ad3bc1]" started-at="2021-06-25T14:04:07 EDT" name="tearDown" finished-at="2021-06-25T14:04:08 EDT" duration-ms="1116" status="PASS">
          <reporter-output>
          </reporter-output>
        </test-method> <!-- tearDown -->
      </class> <!-- com.wordpress.TestCases.verifyWordpressLogin -->
    </test> <!-- Default test -->
  </suite> <!-- Default suite -->
</testng-results>
